<?xml version="1.0" encoding="UTF-8"?>
<robot generator="Robot 3.2.1 (Python 3.8.3 on win32)" generated="20200629 17:35:51.578" rpa="false">
<suite id="s1" name="Login" source="C:\robot\robot\tests\login.robot">
<test id="s1-t1" name="Login com sucesso">
<kw name="Inicio Sessao" library="base" type="setup">
<kw name="Open Browser" library="SeleniumLibrary">
<doc>Opens a new browser instance to the optional ``url``.</doc>
<arguments>
<arg>${url}</arg>
<arg>chrome</arg>
</arguments>
<msg timestamp="20200629 17:35:51.797" level="INFO">Opening browser 'chrome' to base url 'https://www.e-presenca.com.br'.</msg>
<status status="PASS" starttime="20200629 17:35:51.797" endtime="20200629 17:35:56.393"></status>
</kw>
<status status="PASS" starttime="20200629 17:35:51.797" endtime="20200629 17:35:56.393"></status>
</kw>
<kw name="Go To" library="SeleniumLibrary">
<doc>Navigates the current browser window to the provided ``url``.</doc>
<arguments>
<arg>${url}/site/login/e-teorika</arg>
</arguments>
<msg timestamp="20200629 17:35:56.395" level="INFO">Opening url 'https://www.e-presenca.com.br/site/login/e-teorika'</msg>
<status status="PASS" starttime="20200629 17:35:56.394" endtime="20200629 17:35:57.371"></status>
</kw>
<kw name="Set Selenium Implicit Wait" library="SeleniumLibrary">
<doc>Sets the implicit wait value used by Selenium.</doc>
<arguments>
<arg>5</arg>
</arguments>
<status status="PASS" starttime="20200629 17:35:57.372" endtime="20200629 17:35:57.373"></status>
</kw>
<kw name="Select From List By Label" library="SeleniumLibrary">
<doc>Selects options from selection list ``locator`` by ``labels``.</doc>
<arguments>
<arg>id:entidade</arg>
<arg>CFC</arg>
</arguments>
<msg timestamp="20200629 17:35:57.373" level="INFO">Selecting options from selection list 'id:entidade' by label CFC.</msg>
<status status="PASS" starttime="20200629 17:35:57.373" endtime="20200629 17:35:57.430"></status>
</kw>
<kw name="Select From List By Label" library="SeleniumLibrary">
<doc>Selects options from selection list ``locator`` by ``labels``.</doc>
<arguments>
<arg>id:local</arg>
<arg>MA</arg>
</arguments>
<msg timestamp="20200629 17:35:57.430" level="INFO">Selecting options from selection list 'id:local' by label MA.</msg>
<status status="PASS" starttime="20200629 17:35:57.430" endtime="20200629 17:35:57.524"></status>
</kw>
<kw name="Input Text" library="SeleniumLibrary">
<doc>Types the given ``text`` into the text field identified by ``locator``.</doc>
<arguments>
<arg>id:usuario</arg>
<arg>maranhao@cfctreinamento</arg>
</arguments>
<msg timestamp="20200629 17:35:57.525" level="INFO">Typing text 'maranhao@cfctreinamento' into text field 'id:usuario'.</msg>
<status status="PASS" starttime="20200629 17:35:57.524" endtime="20200629 17:35:57.734"></status>
</kw>
<kw name="Input Text" library="SeleniumLibrary">
<doc>Types the given ``text`` into the text field identified by ``locator``.</doc>
<arguments>
<arg>id:senha</arg>
<arg>123456</arg>
</arguments>
<msg timestamp="20200629 17:35:57.734" level="INFO">Typing text '123456' into text field 'id:senha'.</msg>
<status status="PASS" starttime="20200629 17:35:57.734" endtime="20200629 17:35:57.848"></status>
</kw>
<kw name="Click Element" library="SeleniumLibrary">
<doc>Click the element identified by ``locator``.</doc>
<arguments>
<arg>class:btn</arg>
</arguments>
<msg timestamp="20200629 17:35:57.849" level="INFO">Clicking element 'class:btn'.</msg>
<status status="PASS" starttime="20200629 17:35:57.849" endtime="20200629 17:35:57.923"></status>
</kw>
<kw name="Set Selenium Implicit Wait" library="SeleniumLibrary">
<doc>Sets the implicit wait value used by Selenium.</doc>
<arguments>
<arg>5</arg>
</arguments>
<status status="PASS" starttime="20200629 17:35:57.924" endtime="20200629 17:35:57.925"></status>
</kw>
<kw name="Element Should Contain" library="SeleniumLibrary">
<doc>Verifies that element ``locator`` contains text ``expected``.</doc>
<arguments>
<arg>css:div[class=col-md-12]</arg>
<arg>Bem Vindo</arg>
</arguments>
<msg timestamp="20200629 17:36:10.706" level="INFO">Element 'css:div[class=col-md-12]' contains text 'Bem Vindo'.</msg>
<status status="PASS" starttime="20200629 17:35:57.926" endtime="20200629 17:36:10.706"></status>
</kw>
<kw name="Encerra Sessao" library="base" type="teardown">
<kw name="Capture Page Screenshot" library="SeleniumLibrary">
<doc>Takes a screenshot of the current page and embeds it into a log file.</doc>
<msg timestamp="20200629 17:36:10.970" level="INFO" html="yes">&lt;/td&gt;&lt;/tr&gt;&lt;tr&gt;&lt;td colspan="3"&gt;&lt;a href="selenium-screenshot-55.png"&gt;&lt;img src="selenium-screenshot-55.png" width="800px"&gt;&lt;/a&gt;</msg>
<status status="PASS" starttime="20200629 17:36:10.706" endtime="20200629 17:36:10.970"></status>
</kw>
<kw name="Close Browser" library="SeleniumLibrary">
<doc>Closes the current browser.</doc>
<status status="PASS" starttime="20200629 17:36:10.970" endtime="20200629 17:36:13.148"></status>
</kw>
<status status="PASS" starttime="20200629 17:36:10.706" endtime="20200629 17:36:13.148"></status>
</kw>
<status status="PASS" starttime="20200629 17:35:51.797" endtime="20200629 17:36:13.148" critical="yes"></status>
</test>
<test id="s1-t2" name="Login">
<kw name="Inicio Sessao" library="base" type="setup">
<kw name="Open Browser" library="SeleniumLibrary">
<doc>Opens a new browser instance to the optional ``url``.</doc>
<arguments>
<arg>${url}</arg>
<arg>chrome</arg>
</arguments>
<msg timestamp="20200629 17:36:13.148" level="INFO">Opening browser 'chrome' to base url 'https://www.e-presenca.com.br'.</msg>
<status status="PASS" starttime="20200629 17:36:13.148" endtime="20200629 17:36:18.056"></status>
</kw>
<status status="PASS" starttime="20200629 17:36:13.148" endtime="20200629 17:36:18.056"></status>
</kw>
<kw name="invalido">
<msg timestamp="20200629 17:36:18.064" level="FAIL">No keyword with name 'invalido' found.</msg>
<status status="FAIL" starttime="20200629 17:36:18.064" endtime="20200629 17:36:18.064"></status>
</kw>
<kw name="Encerra Sessao" library="base" type="teardown">
<kw name="Capture Page Screenshot" library="SeleniumLibrary">
<doc>Takes a screenshot of the current page and embeds it into a log file.</doc>
<msg timestamp="20200629 17:36:18.444" level="INFO" html="yes">&lt;/td&gt;&lt;/tr&gt;&lt;tr&gt;&lt;td colspan="3"&gt;&lt;a href="selenium-screenshot-56.png"&gt;&lt;img src="selenium-screenshot-56.png" width="800px"&gt;&lt;/a&gt;</msg>
<status status="PASS" starttime="20200629 17:36:18.065" endtime="20200629 17:36:18.444"></status>
</kw>
<kw name="Close Browser" library="SeleniumLibrary">
<doc>Closes the current browser.</doc>
<status status="PASS" starttime="20200629 17:36:18.444" endtime="20200629 17:36:20.886"></status>
</kw>
<status status="PASS" starttime="20200629 17:36:18.065" endtime="20200629 17:36:20.886"></status>
</kw>
<status status="FAIL" starttime="20200629 17:36:13.148" endtime="20200629 17:36:20.886" critical="yes">No keyword with name 'invalido' found.</status>
</test>
<status status="FAIL" starttime="20200629 17:35:51.578" endtime="20200629 17:36:20.886"></status>
</suite>
<statistics>
<total>
<stat pass="1" fail="1">Critical Tests</stat>
<stat pass="1" fail="1">All Tests</stat>
</total>
<tag>
</tag>
<suite>
<stat pass="1" fail="1" id="s1" name="Login">Login</stat>
</suite>
</statistics>
<errors>
</errors>
</robot>
